<?xml version="1.0" encoding="UTF-8"?>
<!-- Generated by org.testng.reporters.JUnitReportReporter -->
<testsuite hostname="DESKTOP-KNFE8QL" name="org.non_bdd.GetAllEmployee" tests="1" failures="0" timestamp="18 Apr 2025 11:09:56 GMT" time="1.571" errors="0">
  <testcase name="deleteAnEmployee" time="1.571" classname="org.non_bdd.GetAllEmployee"/>
</testsuite> <!-- org.non_bdd.GetAllEmployee -->
