<?xml version="1.0" encoding="UTF-8"?>
<!-- Generated by org.testng.reporters.JUnitReportReporter -->
<testsuite hostname="DESKTOP-KNFE8QL" name="com.ems.json_schema_validation.NetworkNtJsonSchemaValidator" tests="1" failures="0" timestamp="23 Apr 2025 11:17:46 GMT" time="0.767" errors="0">
  <testcase name="validateJsonSchema" time="0.767" classname="com.ems.json_schema_validation.NetworkNtJsonSchemaValidator"/>
</testsuite> <!-- com.ems.json_schema_validation.NetworkNtJsonSchemaValidator -->
