<?xml version="1.0" encoding="UTF-8"?>
<!-- Generated by org.testng.reporters.JUnitReportReporter -->
<testsuite hostname="DESKTOP-KNFE8QL" name="com.ems.bdd_style.EmployeeDetails" tests="1" failures="0" timestamp="19 Apr 2025 09:30:38 GMT" time="1.662" errors="0">
  <testcase name="createAnEmp" time="1.662" classname="com.ems.bdd_style.EmployeeDetails"/>
</testsuite> <!-- com.ems.bdd_style.EmployeeDetails -->
