<?xml version="1.0" encoding="UTF-8"?>
<!-- Generated by org.testng.reporters.JUnitReportReporter -->
<testsuite hostname="DESKTOP-KNFE8QL" name="com.ems.json_schema_validation.RestAssuredJSONSchemaValidation" tests="2" failures="0" timestamp="20 Jun 2025 17:07:37 GMT" time="3.341" errors="0">
  <testcase name="validationUsingJsonSchemaInClasspath" time="3.294" classname="com.ems.json_schema_validation.RestAssuredJSONSchemaValidation"/>
  <testcase name="validationUsingMatchesJsonSchema" time="0.047" classname="com.ems.json_schema_validation.RestAssuredJSONSchemaValidation"/>
</testsuite> <!-- com.ems.json_schema_validation.RestAssuredJSONSchemaValidation -->
