<?xml version="1.0" encoding="UTF-8"?>
<!-- Generated by org.testng.reporters.JUnitReportReporter -->
<testsuite hostname="DESKTOP-KNFE8QL" name="org.others.Serialization" tests="1" failures="0" timestamp="20 Apr 2025 12:19:39 GMT" time="3.383" errors="0">
  <testcase name="serialization" time="3.383" classname="org.others.Serialization"/>
</testsuite> <!-- org.others.Serialization -->
