<?xml version="1.0" encoding="UTF-8"?>
<!-- Generated by org.testng.reporters.JUnitReportReporter -->
<testsuite hostname="DESKTOP-KNFE8QL" name="com.lao.json_path_with_java.RreadingJsonDocument" tests="4" failures="0" timestamp="4 Jul 2025 07:59:33 GMT" time="0.197" errors="0">
  <testcase name="readJson" time="0.009" classname="com.lao.json_path_with_java.RreadingJsonDocument"/>
  <testcase name="readJson2" time="0.044" classname="com.lao.json_path_with_java.RreadingJsonDocument"/>
  <testcase name="parseOneTime" time="0.013" classname="com.lao.json_path_with_java.RreadingJsonDocument"/>
  <testcase name="fluentAPI" time="0.131" classname="com.lao.json_path_with_java.RreadingJsonDocument"/>
</testsuite> <!-- com.lao.json_path_with_java.RreadingJsonDocument -->
