<?xml version="1.0" encoding="UTF-8"?>
<!-- Generated by org.testng.reporters.JUnitReportReporter -->
<testsuite hostname="DESKTOP-KNFE8QL" name="com.interview_consepts.RequestSpecificationExample" tests="2" failures="0" timestamp="11 May 2025 10:41:58 GMT" time="1.589" errors="0">
  <testcase name="createAnEmp" time="1.571" classname="com.interview_consepts.RequestSpecificationExample"/>
  <testcase name="getAnEmployeeB" time="0.018" classname="com.interview_consepts.RequestSpecificationExample"/>
</testsuite> <!-- com.interview_consepts.RequestSpecificationExample -->
